<?xml version="1.0" encoding="UTF-8"?>
<testsuite name="com.ip.stream.test.CreateListOfPlusTest" tests="3" skipped="0" failures="0" errors="0" timestamp="2020-06-03T16:03:34" hostname="DESKTOP-QA2NH3N" time="0.024">
  <properties/>
  <testcase name="testPlusList" classname="com.ip.stream.test.CreateListOfPlusTest" time="0.0"/>
  <testcase name="testPlusListWithNegative" classname="com.ip.stream.test.CreateListOfPlusTest" time="0.024"/>
  <testcase name="testPlusListWithZero" classname="com.ip.stream.test.CreateListOfPlusTest" time="0.0"/>
  <system-out><![CDATA[]]></system-out>
  <system-err><![CDATA[]]></system-err>
</testsuite>
