<?xml version="1.0" encoding="UTF-8"?>
<testsuite name="com.ip.stream.test.FirstLetterSortWordsTest" tests="8" skipped="0" failures="0" errors="0" timestamp="2020-06-03T16:03:34" hostname="DESKTOP-QA2NH3N" time="0.024">
  <properties/>
  <testcase name="testSortedLetters" classname="com.ip.stream.test.FirstLetterSortWordsTest" time="0.004"/>
  <testcase name="testSortedLettersWithEmpty" classname="com.ip.stream.test.FirstLetterSortWordsTest" time="0.0"/>
  <testcase name="testSortedLettersWithNull" classname="com.ip.stream.test.FirstLetterSortWordsTest" time="0.004"/>
  <testcase name="testSortedLettersWithOneWord" classname="com.ip.stream.test.FirstLetterSortWordsTest" time="0.0"/>
  <testcase name="testSortedLettersWithOneWordUpperCase" classname="com.ip.stream.test.FirstLetterSortWordsTest" time="0.004"/>
  <testcase name="testSortedLettersWithTwoWords" classname="com.ip.stream.test.FirstLetterSortWordsTest" time="0.0"/>
  <testcase name="testSortedLettersWithTwoWordsLowerUpperCase" classname="com.ip.stream.test.FirstLetterSortWordsTest" time="0.004"/>
  <testcase name="testSortedLettersWithTwoWordsUpperLowerCase" classname="com.ip.stream.test.FirstLetterSortWordsTest" time="0.0"/>
  <system-out><![CDATA[]]></system-out>
  <system-err><![CDATA[]]></system-err>
</testsuite>
