<?xml version="1.0" encoding="UTF-8"?>
<testsuite name="com.ip.stream.test.CreateLettersFromListTest" tests="7" skipped="0" failures="0" errors="0" timestamp="2020-06-03T16:03:34" hostname="DESKTOP-QA2NH3N" time="0.016">
  <properties/>
  <testcase name="testLetterCombLowerUpperCase" classname="com.ip.stream.test.CreateLettersFromListTest" time="0.008"/>
  <testcase name="testLetterCombUpperLowerCase" classname="com.ip.stream.test.CreateLettersFromListTest" time="0.0"/>
  <testcase name="testLetterFromList" classname="com.ip.stream.test.CreateLettersFromListTest" time="0.0"/>
  <testcase name="testLetterFromListOneWord" classname="com.ip.stream.test.CreateLettersFromListTest" time="0.004"/>
  <testcase name="testLetterFromListOneWordUpperCase" classname="com.ip.stream.test.CreateLettersFromListTest" time="0.0"/>
  <testcase name="testLetterWithEmpty" classname="com.ip.stream.test.CreateLettersFromListTest" time="0.0"/>
  <testcase name="testLetterWithNull" classname="com.ip.stream.test.CreateLettersFromListTest" time="0.0"/>
  <system-out><![CDATA[]]></system-out>
  <system-err><![CDATA[]]></system-err>
</testsuite>
