<?xml version="1.0" encoding="UTF-8"?>
<testsuite name="com.ip.stream.test.ConvertUpperCaseTest" tests="10" skipped="0" failures="0" errors="0" timestamp="2020-06-03T16:03:34" hostname="DESKTOP-QA2NH3N" time="0.172">
  <properties/>
  <testcase name="testAllLowerCase" classname="com.ip.stream.test.ConvertUpperCaseTest" time="0.152"/>
  <testcase name="testAllLowerUpperCase" classname="com.ip.stream.test.ConvertUpperCaseTest" time="0.0"/>
  <testcase name="testAllUpperCase" classname="com.ip.stream.test.ConvertUpperCaseTest" time="0.008"/>
  <testcase name="testAllUpperLowerCase" classname="com.ip.stream.test.ConvertUpperCaseTest" time="0.0"/>
  <testcase name="testLowerCaseOneWord" classname="com.ip.stream.test.ConvertUpperCaseTest" time="0.0"/>
  <testcase name="testLowerUpperCaseOneWord" classname="com.ip.stream.test.ConvertUpperCaseTest" time="0.0"/>
  <testcase name="testUpperCaseOneWord" classname="com.ip.stream.test.ConvertUpperCaseTest" time="0.0"/>
  <testcase name="testUpperLowerCaseOneWord" classname="com.ip.stream.test.ConvertUpperCaseTest" time="0.004"/>
  <testcase name="testWithEmpty" classname="com.ip.stream.test.ConvertUpperCaseTest" time="0.0"/>
  <testcase name="testWithNull" classname="com.ip.stream.test.ConvertUpperCaseTest" time="0.0"/>
  <system-out><![CDATA[]]></system-out>
  <system-err><![CDATA[]]></system-err>
</testsuite>
