<?xml version="1.0" encoding="UTF-8"?>
<testsuite name="com.ip.stream.test.CreateRangeReductionTest" tests="3" skipped="0" failures="0" errors="0" timestamp="2020-06-03T16:03:34" hostname="DESKTOP-QA2NH3N" time="0.008">
  <properties/>
  <testcase name="testRangeWords" classname="com.ip.stream.test.CreateRangeReductionTest" time="0.0"/>
  <testcase name="testRangeWordsWithEmpty" classname="com.ip.stream.test.CreateRangeReductionTest" time="0.0"/>
  <testcase name="testRangeWordsWithNull" classname="com.ip.stream.test.CreateRangeReductionTest" time="0.004"/>
  <system-out><![CDATA[]]></system-out>
  <system-err><![CDATA[]]></system-err>
</testsuite>
