<?xml version="1.0" encoding="UTF-8"?>
<testsuite name="com.ip.stream.test.OddLengthUpperCaseTest" tests="7" skipped="0" failures="0" errors="0" timestamp="2020-06-03T16:03:34" hostname="DESKTOP-QA2NH3N" time="0.022">
  <properties/>
  <testcase name="testEvenLengthWordWithOneWord" classname="com.ip.stream.test.OddLengthUpperCaseTest" time="0.004"/>
  <testcase name="testEvenLengthWordWithOneWordUpperCase" classname="com.ip.stream.test.OddLengthUpperCaseTest" time="0.003"/>
  <testcase name="testOddLengthWithEmpty" classname="com.ip.stream.test.OddLengthUpperCaseTest" time="0.0"/>
  <testcase name="testOddLengthWithNull" classname="com.ip.stream.test.OddLengthUpperCaseTest" time="0.0"/>
  <testcase name="testOddLengthWordWithOneWord" classname="com.ip.stream.test.OddLengthUpperCaseTest" time="0.0"/>
  <testcase name="testOddLengthWordWithOneWordUpperCase" classname="com.ip.stream.test.OddLengthUpperCaseTest" time="0.0"/>
  <testcase name="testOddLengthWords" classname="com.ip.stream.test.OddLengthUpperCaseTest" time="0.004"/>
  <system-out><![CDATA[]]></system-out>
  <system-err><![CDATA[]]></system-err>
</testsuite>
