<?xml version="1.0" encoding="UTF-8"?>
<testsuite name="com.ip.stream.test.CreateIntegerStreamTest" tests="6" skipped="0" failures="0" errors="0" timestamp="2020-06-03T16:03:34" hostname="DESKTOP-QA2NH3N" time="0.012">
  <properties/>
  <testcase name="testIntStream" classname="com.ip.stream.test.CreateIntegerStreamTest" time="0.004"/>
  <testcase name="testNegativeAndPositiveStream" classname="com.ip.stream.test.CreateIntegerStreamTest" time="0.004"/>
  <testcase name="testNegativeIntStream" classname="com.ip.stream.test.CreateIntegerStreamTest" time="0.0"/>
  <testcase name="testPositiveAndNegativeStream" classname="com.ip.stream.test.CreateIntegerStreamTest" time="0.0"/>
  <testcase name="testSingleNegativeStream" classname="com.ip.stream.test.CreateIntegerStreamTest" time="0.004"/>
  <testcase name="testSinglePositiveStream" classname="com.ip.stream.test.CreateIntegerStreamTest" time="0.0"/>
  <system-out><![CDATA[]]></system-out>
  <system-err><![CDATA[]]></system-err>
</testsuite>
